0 info it worked if it ends with ok
1 verbose cli [ '/desarrollo/opt/nodejs/0.10.32/bin/node',
1 verbose cli   '/desarrollo/opt/nodejs/0.10.32/bin/npm',
1 verbose cli   'version',
1 verbose cli   'jquery' ]
2 info using npm@1.4.28
3 info using node@v0.10.32
4 error version No package.json found
5 error Error: ENOENT, open '/home/desa/gtursi/node/examples/jquery/package.json'
6 error If you need help, you may report this *entire* log,
6 error including the npm and node versions, at:
6 error     <http://github.com/npm/npm/issues>
7 error System Linux 2.6.18-128.el5xen
8 error command "/desarrollo/opt/nodejs/0.10.32/bin/node" "/desarrollo/opt/nodejs/0.10.32/bin/npm" "version" "jquery"
9 error cwd /home/desa/gtursi/node/examples/jquery
10 error node -v v0.10.32
11 error npm -v 1.4.28
12 error path /home/desa/gtursi/node/examples/jquery/package.json
13 error code ENOENT
14 error errno 34
15 verbose exit [ 34, true ]
